04:56:36.065 PM	Delete values:	 CustomerNo:Cus_Name138on table Ticket

04:56:36.066 PM	Delete values:	  SaleOrderNo:S03P000-000000117on table Loads

04:56:36.084 PM	Delete values:	  SaleOrderNo:S03P000-000000117on table Loads

04:56:36.085 PM	Delete values:	 CustomerNo:Cus_Name138on table Ticket

04:56:36.101 PM	Delete values:	  SaleOrderNo:S03P000-000000117on table Loads

04:56:36.104 PM	Delete values:	 CustomerNo:Cus_Name138on table Ticket

04:56:36.106 PM	Delete values:	  SaleOrderNo:S03P000-000000117on table Loads

04:56:36.108 PM	Delete values:	  SaleOrderNo:S03P000-000000117on table Loads

04:56:36.117 PM	Delete values:	  SaleOrderNo:S03P000-000000117on table Loads

04:56:56.494 PM	Insert values:	 SaleOrderNo:S03P000-000000117on table Loads

04:56:56.497 PM	Insert values:	 SaleOrderNo:S03P000-000000117on table Loads

04:56:56.499 PM	Insert values:	 SaleOrderNo:S03P000-000000117on table Loads

04:56:56.502 PM	Insert values:	 SaleOrderNo:S03P000-000000117on table Loads

04:56:56.504 PM	Insert values:	 SaleOrderNo:S03P000-000000117on table Loads

04:56:56.507 PM	Insert values:	 SaleOrderNo:S03P000-000000117on table Loads

04:57:27.245 PM	Update values:	 SaleOrderNo:S03P000-000000117on table Loads

04:57:27.245 PM	Insert values:	 CustomerNo:Cus_Name138on table Ticket

04:57:27.248 PM	Update values: 	 TruckCode:FS199on table Trucks

04:57:48.466 PM	Update values:	 SaleOrderNo:S03P000-000000117on table Loads

04:57:48.466 PM	Update values: 	 TruckCode:FS200on table Trucks

04:57:48.467 PM	Insert values:	 CustomerNo:Cus_Name138on table Ticket

04:58:08.605 PM	Update values:	 SaleOrderNo:S03P000-000000117on table Loads

04:58:08.605 PM	Update values: 	 TruckCode:FS198on table Trucks

04:58:08.607 PM	Insert values:	 CustomerNo:Cus_Name138on table Ticket

04:58:33.360 PM	Update values:	 CustomerNo:Cus_Name138on table Ticket

04:58:37.474 PM	Update values:	 CustomerNo:Cus_Name138on table Ticket

04:58:41.761 PM	Update values:	 CustomerNo:Cus_Name138on table Ticket

04:58:43.983 PM	Update values:	 CustomerNo:Cus_Name138on table Ticket

04:58:47.336 PM	Update values: 	 TruckCode:FS198on table Trucks

04:58:47.336 PM	Update values:	 CustomerNo:Cus_Name138on table Ticket

04:59:07.912 PM	Update values:	 CustomerNo:Cus_Name138on table Ticket

04:59:10.064 PM	Update values:	 CustomerNo:Cus_Name138on table Ticket

04:59:11.518 PM	Update values:	 CustomerNo:Cus_Name138on table Ticket

04:59:12.688 PM	Update values:	 CustomerNo:Cus_Name138on table Ticket

04:59:14.289 PM	Update values: 	 TruckCode:FS200on table Trucks

04:59:14.289 PM	Update values:	 CustomerNo:Cus_Name138on table Ticket

04:59:22.257 PM	Update values:	 CustomerNo:Cus_Name138on table Ticket

04:59:23.725 PM	Update values:	 CustomerNo:Cus_Name138on table Ticket

04:59:25.270 PM	Update values:	 CustomerNo:Cus_Name138on table Ticket

04:59:26.704 PM	Update values:	 CustomerNo:Cus_Name138on table Ticket

04:59:28.643 PM	Update values: 	 TruckCode:FS199on table Trucks

04:59:28.644 PM	Update values:	 CustomerNo:Cus_Name138on table Ticket

05:07:48.025 PM	Delete values:	  SaleOrderNo:S03P000-000000117on table Loads

05:07:48.025 PM	Delete values:	 CustomerNo:Cus_Name138on table Ticket

05:07:48.045 PM	Delete values:	  SaleOrderNo:S03P000-000000117on table Loads

05:07:48.046 PM	Delete values:	 CustomerNo:Cus_Name138on table Ticket

05:07:48.048 PM	Delete values:	  SaleOrderNo:S03P000-000000117on table Loads

05:07:48.054 PM	Delete values:	  SaleOrderNo:S03P000-000000117on table Loads

05:07:48.054 PM	Delete values:	 CustomerNo:Cus_Name138on table Ticket

05:07:48.057 PM	Delete values:	  SaleOrderNo:S03P000-000000117on table Loads

05:07:48.059 PM	Delete values:	  SaleOrderNo:S03P000-000000117on table Loads

05:08:01.658 PM	Insert values:	 SaleOrderNo:S03P000-000000117on table Loads

05:08:01.661 PM	Insert values:	 SaleOrderNo:S03P000-000000117on table Loads

05:08:01.663 PM	Insert values:	 SaleOrderNo:S03P000-000000117on table Loads

05:08:01.666 PM	Insert values:	 SaleOrderNo:S03P000-000000117on table Loads

05:08:01.668 PM	Insert values:	 SaleOrderNo:S03P000-000000117on table Loads

05:08:01.671 PM	Insert values:	 SaleOrderNo:S03P000-000000117on table Loads

05:08:23.446 PM	Update values:	 SaleOrderNo:S03P000-000000117on table Loads

05:08:23.446 PM	Insert values:	 CustomerNo:Cus_Name138on table Ticket

05:08:23.447 PM	Update values: 	 TruckCode:FS198on table Trucks

05:08:39.386 PM	Update values: 	 TruckCode:FS200on table Trucks

05:08:39.387 PM	Update values:	 SaleOrderNo:S03P000-000000117on table Loads

05:08:39.387 PM	Insert values:	 CustomerNo:Cus_Name138on table Ticket

05:08:49.188 PM	Update values:	 SaleOrderNo:S03P000-000000117on table Loads

05:08:49.188 PM	Update values: 	 TruckCode:FS199on table Trucks

05:08:49.188 PM	Insert values:	 CustomerNo:Cus_Name138on table Ticket

05:09:15.598 PM	Update values:	 CustomerNo:Cus_Name138on table Ticket

05:09:20.263 PM	Update values:	 CustomerNo:Cus_Name138on table Ticket

05:09:24.231 PM	Update values:	 CustomerNo:Cus_Name138on table Ticket

05:09:26.561 PM	Update values:	 CustomerNo:Cus_Name138on table Ticket

05:09:28.258 PM	Update values: 	 TruckCode:FS199on table Trucks

05:09:28.258 PM	Update values:	 CustomerNo:Cus_Name138on table Ticket

05:09:38.527 PM	Update values:	 CustomerNo:Cus_Name138on table Ticket

05:09:42.249 PM	Update values:	 CustomerNo:Cus_Name138on table Ticket

05:09:46.687 PM	Update values:	 CustomerNo:Cus_Name138on table Ticket

05:09:57.520 PM	Update values:	 CustomerNo:Cus_Name138on table Ticket

05:09:59.865 PM	Update values: 	 TruckCode:FS198on table Trucks

05:09:59.865 PM	Update values:	 CustomerNo:Cus_Name138on table Ticket

05:10:08.434 PM	Update values:	 CustomerNo:Cus_Name138on table Ticket

05:10:10.005 PM	Update values:	 CustomerNo:Cus_Name138on table Ticket

05:10:12.350 PM	Update values:	 CustomerNo:Cus_Name138on table Ticket

05:10:13.321 PM	Update values:	 CustomerNo:Cus_Name138on table Ticket

05:10:16.152 PM	Update values:	 CustomerNo:Cus_Name138on table Ticket

05:10:16.152 PM	Update values: 	 TruckCode:FS200on table Trucks

