01:15:45.496 PM	Delete values:	 CustomerNo:Cus_Name138on table Ticket

01:15:45.731 PM	Delete values:	  SaleOrderNo:S03P000-000000117on table Loads

01:15:45.731 PM	Delete values:	  SaleOrderNo:S03P000-000000117on table Loads

01:15:45.731 PM	Delete values:	  SaleOrderNo:S03P000-000000117on table Loads

01:15:45.731 PM	Delete values:	  SaleOrderNo:S03P000-000000117on table Loads

01:15:45.731 PM	Delete values:	  SaleOrderNo:S03P000-000000117on table Loads

01:26:31.764 PM	Insert values:	 SaleOrderNo:S03P000-000000117on table Loads

01:26:31.783 PM	Insert values:	 SaleOrderNo:S03P000-000000117on table Loads

01:26:31.785 PM	Insert values:	 SaleOrderNo:S03P000-000000117on table Loads

01:26:31.786 PM	Insert values:	 SaleOrderNo:S03P000-000000117on table Loads

01:26:31.789 PM	Insert values:	 SaleOrderNo:S03P000-000000117on table Loads

01:26:31.791 PM	Insert values:	 SaleOrderNo:S03P000-000000117on table Loads

01:27:12.806 PM	Update values:	 SaleOrderNo:S03P000-000000117on table Loads

01:27:12.809 PM	Update values: 	 TruckCode:FS199on table Trucks

01:27:12.810 PM	Insert values:	 CustomerNo:Cus_Name138on table Ticket

01:27:24.632 PM	Update values:	 SaleOrderNo:S03P000-000000117on table Loads

01:27:37.180 PM	Update values:	 SaleOrderNo:S03P000-000000117on table Loads

01:28:08.184 PM	Update values:	 CustomerNo:Cus_Name138on table Ticket

01:28:16.805 PM	Update values:	 CustomerNo:Cus_Name138on table Ticket

01:28:20.869 PM	Update values:	 CustomerNo:Cus_Name138on table Ticket

01:28:23.869 PM	Update values:	 CustomerNo:Cus_Name138on table Ticket

01:28:25.577 PM	Update values: 	 TruckCode:FS199on table Trucks

01:28:37.427 PM	Update values:	 CustomerNo:Cus_Name138on table Ticket

01:28:41.165 PM	Update values:	 CustomerNo:Cus_Name138on table Ticket

01:28:44.614 PM	Update values:	 CustomerNo:Cus_Name138on table Ticket

01:28:48.598 PM	Update values:	 CustomerNo:Cus_Name138on table Ticket

01:28:50.880 PM	Update values:	 CustomerNo:Cus_Name138on table Ticket

01:28:56.590 PM	Update values:	 CustomerNo:Cus_Name138on table Ticket

01:28:57.188 PM	Update values:	 CustomerNo:Cus_Name138on table Ticket

01:28:57.832 PM	Update values:	 CustomerNo:Cus_Name138on table Ticket

01:29:01.821 PM	Update values:	 CustomerNo:Cus_Name138on table Ticket

01:29:04.327 PM	Update values: 	 TruckCode:FS200on table Trucks

01:29:04.327 PM	Update values:	 CustomerNo:Cus_Name138on table Ticket

01:29:16.924 PM	Update values: 	 TruckCode:FS198on table Trucks

01:29:20.839 PM	Update values:	 CustomerNo:Cus_Name138on table Ticket

01:29:21.518 PM	Update values:	 CustomerNo:Cus_Name138on table Ticket

01:29:22.215 PM	Update values:	 CustomerNo:Cus_Name138on table Ticket

01:29:23.023 PM	Update values:	 CustomerNo:Cus_Name138on table Ticket

01:29:23.982 PM	Update values: 	 TruckCode:FS198on table Trucks

01:29:23.985 PM	Update values:	 CustomerNo:Cus_Name138on table Ticket

