Cus_000001125  Delete
2565/04/21 16:56:36
Cus_000001125  Delete
2565/04/21 16:56:36
Cus_000001125  Delete
2565/04/21 16:56:36
Cus_Name138  Delete
2565/04/21 16:56:36
Cus_000001125  Delete
2565/04/21 16:56:36
Cus_000001125  Delete
2565/04/21 16:56:36
Cus_Name138  Delete
2565/04/21 16:56:36
Cus_000001125  Delete
2565/04/21 16:56:36
Cus_Name138  Delete
2565/04/21 16:56:36
Cus_000001125  Delete
2565/04/21 16:56:36
Cus_000001125  Delete
2565/04/21 16:56:36
Cus_000001125  Delete
2565/04/21 16:56:36
Cus_Name138  Delete
2565/04/21 16:56:36
Cus_000001125  Delete
2565/04/21 16:56:36
Cus_Name138  Delete
2565/04/21 16:56:36
Cus_000001125  Delete
2565/04/21 16:56:36
Cus_000001125  Delete
2565/04/21 16:56:36
Cus_000001125  Delete
2565/04/21 16:56:36
Cus_Name138  Delete
2565/04/21 16:56:36
Cus_000001125  Delete
2565/04/21 16:56:36
Cus_Name138  Delete
2565/04/21 16:56:36
Cus_000001125  Delete
2565/04/21 16:56:36
Cus_Name138  Delete
2565/04/21 16:56:36
Cus_000001125  Delete
2565/04/21 16:56:36
Cus_000001125  Delete
2565/04/21 16:56:36
Cus_000001125  Delete
2565/04/21 16:56:36
Cus_000001125  Insert
2565/04/21 16:56:56
Cus_000001125  Insert
2565/04/21 16:56:56
Cus_000001125  Insert
2565/04/21 16:56:56
Cus_000001125  Insert
2565/04/21 16:56:56
Cus_000001125  Insert
2565/04/21 16:56:56
Cus_000001125  Insert
2565/04/21 16:56:56
Cus_000001125  Insert
2565/04/21 16:56:56
Cus_000001125  Insert
2565/04/21 16:56:56
Cus_000001125  Insert
2565/04/21 16:56:56
Cus_000001125  Insert
2565/04/21 16:56:56
Cus_000001125  Insert
2565/04/21 16:56:56
Cus_000001125  Update
2565/04/21 16:57:27
Cus_Name138  Insert
2565/04/21 16:57:27
FS199  Update
2565/04/21 16:57:27
FS199  Update
2565/04/21 16:57:27
Cus_000001125  Update
2565/04/21 16:57:48
FS200  Update
2565/04/21 16:57:48
Cus_Name138  Insert
2565/04/21 16:57:48
Cus_Name138  Insert
2565/04/21 16:57:48
Cus_000001125  Update
2565/04/21 16:58:08
Cus_000001125  Update
2565/04/21 16:58:08
Cus_000001125  Update
2565/04/21 16:58:08
FS198  Update
2565/04/21 16:58:08
Cus_Name138  Insert
2565/04/21 16:58:08
Cus_Name138  Insert
2565/04/21 16:58:08
Cus_Name138  Update
2565/04/21 16:58:33
Cus_Name138  Update
2565/04/21 16:58:33
Cus_Name138  Update
2565/04/21 16:58:37
Cus_Name138  Update
2565/04/21 16:58:41
Cus_Name138  Update
2565/04/21 16:58:43
FS198  Update
2565/04/21 16:58:47
FS198  Update
2565/04/21 16:58:47
FS198  Update
2565/04/21 16:58:47
Cus_Name138  Update
2565/04/21 16:58:47
Cus_Name138  Update
2565/04/21 16:59:07
Cus_Name138  Update
2565/04/21 16:59:07
Cus_Name138  Update
2565/04/21 16:59:10
Cus_Name138  Update
2565/04/21 16:59:11
Cus_Name138  Update
2565/04/21 16:59:12
FS200  Update
2565/04/21 16:59:14
FS200  Update
2565/04/21 16:59:14
Cus_Name138  Update
2565/04/21 16:59:14
Cus_Name138  Update
2565/04/21 16:59:22
Cus_Name138  Update
2565/04/21 16:59:22
Cus_Name138  Update
2565/04/21 16:59:22
Cus_Name138  Update
2565/04/21 16:59:23
Cus_Name138  Update
2565/04/21 16:59:25
Cus_Name138  Update
2565/04/21 16:59:26
FS199  Update
2565/04/21 16:59:28
Cus_Name138  Update
2565/04/21 16:59:28
Cus_Name138  Delete
2565/04/21 17:07:48
Cus_000001125  Delete
2565/04/21 17:07:48
Cus_000001125  Delete
2565/04/21 17:07:48
Cus_Name138  Delete
2565/04/21 17:07:48
Cus_000001125  Delete
2565/04/21 17:07:48
Cus_Name138  Delete
2565/04/21 17:07:48
Cus_000001125  Delete
2565/04/21 17:07:48
Cus_Name138  Delete
2565/04/21 17:07:48
Cus_000001125  Delete
2565/04/21 17:07:48
Cus_000001125  Delete
2565/04/21 17:07:48
Cus_Name138  Delete
2565/04/21 17:07:48
Cus_000001125  Delete
2565/04/21 17:07:48
Cus_000001125  Delete
2565/04/21 17:07:48
Cus_Name138  Delete
2565/04/21 17:07:48
Cus_Name138  Delete
2565/04/21 17:07:48
Cus_000001125  Delete
2565/04/21 17:07:48
Cus_000001125  Delete
2565/04/21 17:07:48
Cus_000001125  Delete
2565/04/21 17:07:48
Cus_000001125  Delete
2565/04/21 17:07:48
Cus_Name138  Delete
2565/04/21 17:07:48
Cus_000001125  Delete
2565/04/21 17:07:48
Cus_000001125  Delete
2565/04/21 17:07:48
Cus_Name138  Delete
2565/04/21 17:07:48
Cus_000001125  Delete
2565/04/21 17:07:48
Cus_000001125  Delete
2565/04/21 17:07:48
Cus_000001125  Insert
2565/04/21 17:08:01
Cus_000001125  Insert
2565/04/21 17:08:01
Cus_000001125  Insert
2565/04/21 17:08:01
Cus_000001125  Insert
2565/04/21 17:08:01
Cus_000001125  Insert
2565/04/21 17:08:01
Cus_000001125  Insert
2565/04/21 17:08:01
Cus_000001125  Insert
2565/04/21 17:08:01
Cus_000001125  Insert
2565/04/21 17:08:01
Cus_000001125  Insert
2565/04/21 17:08:01
Cus_000001125  Insert
2565/04/21 17:08:01
Cus_000001125  Insert
2565/04/21 17:08:01
Cus_000001125  Update
2565/04/21 17:08:23
Cus_Name138  Insert
2565/04/21 17:08:23
Cus_000001125  Update
2565/04/21 17:08:23
Cus_Name138  Insert
2565/04/21 17:08:23
FS198  Update
2565/04/21 17:08:23
FS198  Update
2565/04/21 17:08:23
FS198  Update
2565/04/21 17:08:23
FS200  Update
2565/04/21 17:08:39
Cus_000001125  Update
2565/04/21 17:08:39
Cus_Name138  Insert
2565/04/21 17:08:39
Cus_Name138  Insert
2565/04/21 17:08:39
Cus_000001125  Update
2565/04/21 17:08:49
Cus_000001125  Update
2565/04/21 17:08:49
FS199  Update
2565/04/21 17:08:49
FS199  Update
2565/04/21 17:08:49
Cus_Name138  Insert
2565/04/21 17:08:49
Cus_Name138  Insert
2565/04/21 17:08:49
Cus_Name138  Update
2565/04/21 17:09:15
Cus_Name138  Update
2565/04/21 17:09:20
Cus_Name138  Update
2565/04/21 17:09:24
Cus_Name138  Update
2565/04/21 17:09:26
Cus_Name138  Update
2565/04/21 17:09:28
FS199  Update
2565/04/21 17:09:28
FS199  Update
2565/04/21 17:09:28
Cus_Name138  Update
2565/04/21 17:09:38
Cus_Name138  Update
2565/04/21 17:09:42
Cus_Name138  Update
2565/04/21 17:09:46
Cus_Name138  Update
2565/04/21 17:09:46
Cus_Name138  Update
2565/04/21 17:09:57
FS198  Update
2565/04/21 17:09:59
Cus_Name138  Update
2565/04/21 17:09:59
Cus_Name138  Update
2565/04/21 17:10:08
Cus_Name138  Update
2565/04/21 17:10:10
Cus_Name138  Update
2565/04/21 17:10:12
Cus_Name138  Update
2565/04/21 17:10:13
Cus_Name138  Update
2565/04/21 17:10:16
Cus_Name138  Update
2565/04/21 17:10:16
FS200  Update
2565/04/21 17:10:16
FS200  Update
2565/04/21 17:10:16
