Cus_000001125  Delete
2565/04/22 13:15:45
FS199  Update
2565/04/22 13:15:45
Cus_000001125  Delete
2565/04/22 13:15:45
Cus_000001125  Delete
2565/04/22 13:15:45
Cus_000001125  Delete
2565/04/22 13:15:45
Cus_000001125  Insert
2565/04/22 13:26:31
Cus_000001125  Insert
2565/04/22 13:26:31
Cus_000001125  Insert
2565/04/22 13:26:31
Cus_000001125  Insert
2565/04/22 13:26:31
Cus_000001125  Update
2565/04/22 13:27:12
FS199  Update
2565/04/22 13:27:12
FS199  Update
2565/04/22 13:27:12
Cus_Name138  Insert
2565/04/22 13:27:12
Cus_Name138  Insert
2565/04/22 13:27:12
Cus_Name138  Insert
2565/04/22 13:27:12
FS200  Update
2565/04/22 13:27:24
Cus_000001125  Update
2565/04/22 13:27:24
Cus_000001125  Update
2565/04/22 13:27:37
FS198  Update
2565/04/22 13:27:37
Cus_Name138  Update
2565/04/22 13:28:08
Cus_Name138  Update
2565/04/22 13:28:16
Cus_Name138  Update
2565/04/22 13:28:20
Cus_Name138  Update
2565/04/22 13:28:23
FS199  Update
2565/04/22 13:28:25
Cus_Name138  Update
2565/04/22 13:28:25
Cus_Name138  Update
2565/04/22 13:28:37
Cus_Name138  Update
2565/04/22 13:28:41
Cus_Name138  Update
2565/04/22 13:28:44
Cus_Name138  Update
2565/04/22 13:28:48
Cus_Name138  Update
2565/04/22 13:28:50
FS198  Update
2565/04/22 13:28:50
FS198  Update
2565/04/22 13:28:50
Cus_Name138  Update
2565/04/22 13:28:56
Cus_Name138  Update
2565/04/22 13:28:56
Cus_Name138  Update
2565/04/22 13:28:57
Cus_Name138  Update
2565/04/22 13:28:57
Cus_Name138  Update
2565/04/22 13:29:01
FS200  Update
2565/04/22 13:29:04
Cus_Name138  Update
2565/04/22 13:29:04
FS198  Update
2565/04/22 13:29:16
Cus_000001125  Update
2565/04/22 13:29:16
Cus_000001125  Update
2565/04/22 13:29:16
Cus_Name138  Update
2565/04/22 13:29:20
Cus_Name138  Update
2565/04/22 13:29:21
Cus_Name138  Update
2565/04/22 13:29:22
Cus_Name138  Update
2565/04/22 13:29:23
FS198  Update
2565/04/22 13:29:23
Cus_Name138  Update
2565/04/22 13:29:23
